tc043
Resetting modules to system default. Reseting $MODULEPATH back to system default. All extra directories will be removed from $MODULEPATH.
Usage: sbatch submit.sh {input file} {data file} {data file}
tpsci.jl
tpsci.jl.out
/home/nbraunsc/FermiCG-data/he_clusters/08_01
/localscratch/541211
sending incremental file list
tpsci.jl.out

sent 118 bytes  received 35 bytes  306.00 bytes/sec
total size is 0  speedup is 0.00
sending incremental file list
tpsci.jl.out

sent 163 bytes  received 35 bytes  396.00 bytes/sec
total size is 41  speedup is 0.21
sending incremental file list

sent 75 bytes  received 12 bytes  174.00 bytes/sec
total size is 41  speedup is 0.47
sending incremental file list
tpsci.jl.out

sent 415,016 bytes  received 35 bytes  830,102.00 bytes/sec
total size is 414,803  speedup is 1.00
rm: cannot remove ‘tmpfs’: Device or resource busy
