tc281
Resetting modules to system default. Reseting $MODULEPATH back to system default. All extra directories will be removed from $MODULEPATH.
Usage: sbatch submit.sh {input file} {data file} {data file}
pes_tpsci.jl
pes_tpsci.jl.out
/home/nbraunsc/FermiCG-data/he_clusters/06_oct
/localscratch/572434
sending incremental file list
pes_tpsci.jl.out

sent 121 bytes  received 35 bytes  312.00 bytes/sec
total size is 0  speedup is 0.00
sending incremental file list
pes_tpsci.jl.out

sent 166 bytes  received 35 bytes  402.00 bytes/sec
total size is 41  speedup is 0.20
sending incremental file list

sent 78 bytes  received 12 bytes  180.00 bytes/sec
total size is 41  speedup is 0.46
sending incremental file list
pes_tpsci.jl.out

sent 311,776 bytes  received 35 bytes  623,622.00 bytes/sec
total size is 311,582  speedup is 1.00
sending incremental file list
pes_tpsci.jl.out

sent 391,924 bytes  received 35 bytes  783,918.00 bytes/sec
total size is 391,715  speedup is 1.00
sending incremental file list
pes_tpsci.jl.out

sent 1,168,417 bytes  received 35 bytes  2,336,904.00 bytes/sec
total size is 1,168,016  speedup is 1.00
sending incremental file list
pes_tpsci.jl.out

sent 2,242,672 bytes  received 35 bytes  4,485,414.00 bytes/sec
total size is 2,242,007  speedup is 1.00
sending incremental file list
pes_tpsci.jl.out

sent 3,258,464 bytes  received 35 bytes  6,516,998.00 bytes/sec
total size is 3,257,550  speedup is 1.00
sending incremental file list
pes_tpsci.jl.out

sent 4,573,074 bytes  received 35 bytes  9,146,218.00 bytes/sec
total size is 4,571,840  speedup is 1.00
sending incremental file list
pes_tpsci.jl.out

sent 5,903,427 bytes  received 35 bytes  11,806,924.00 bytes/sec
total size is 5,901,865  speedup is 1.00
sending incremental file list
pes_tpsci.jl.out

sent 7,217,743 bytes  received 35 bytes  14,435,556.00 bytes/sec
total size is 7,215,861  speedup is 1.00
sending incremental file list
pes_tpsci.jl.out

sent 8,515,857 bytes  received 35 bytes  17,031,784.00 bytes/sec
total size is 8,513,662  speedup is 1.00
sending incremental file list
pes_tpsci.jl.out

sent 9,829,913 bytes  received 35 bytes  19,659,896.00 bytes/sec
total size is 9,827,399  speedup is 1.00
sending incremental file list
pes_tpsci.jl.out

sent 11,143,953 bytes  received 35 bytes  22,287,976.00 bytes/sec
total size is 11,141,115  speedup is 1.00
sending incremental file list
pes_tpsci.jl.out

sent 12,457,964 bytes  received 35 bytes  8,305,332.67 bytes/sec
total size is 12,454,801  speedup is 1.00
sending incremental file list
pes_tpsci.jl.out

sent 13,443,468 bytes  received 35 bytes  26,887,006.00 bytes/sec
total size is 13,440,065  speedup is 1.00
rm: cannot remove ‘tmpfs’: Device or resource busy
