Resetting modules to system default. Reseting $MODULEPATH back to system default. All extra directories will be removed from $MODULEPATH.
--------------------------------------------------------------------------
WARNING: There was an error initializing an OpenFabrics device.

  Local host:   tc-hm005
  Local device: mlx5_0
--------------------------------------------------------------------------
Semistochastic Heat-bath Configuration Interation (SHCI)

Executable: /home/vibin1/tinkercliff_shci/shci_excited/shci/shci
Start time: Mon Oct 31 12:40:15 2022
Infrastructure: 24 nodes * 1 threads
Master node: tc-hm005
Configuration:
{
  "chem": {
    "point_group": "C1"
  },
  "eps_pt": 1e-10,
  "eps_vars": [
    2e-05
  ],
  "eps_vars_schedule": [
    0.002,
    0.001,
    0.0005,
    0.0002,
    0.0001
  ],
  "n_dn": 18,
  "n_states": 13,
  "n_up": 18,
  "s2": true,
  "system": "chem"
}
Timing format: [DIFF/SECTION/TOTAL]

BEG OF setup[0.0/11.3]GB [0.005/0.011/0.005]s

BEG OF load integrals, setup[0.0/11.3]GB [0.013/0.000/0.007]s
n_orbs: 36
n_elecs (from FCIDUMP): 36
orb_sym: 1 1 1 1 1 1 1 1 1 1 1 1 1 1 1 1 1 1 1 1 1 1 1 1 1 1 1 1 1 1 1 1 1 1 1 1 
END OF load fcidump [0.5/11.8]GB [0.190/0.190/0.197]s
HF det up: 0 1 2 3 4 5 6 7 8 9 10 11 12 13 14 15 16 17 
HF det dn: 0 1 2 3 4 5 6 7 8 9 10 11 12 13 14 15 16 17 
Orbitals energy:
#  0: E =  -0.398722900617, E_1b =  -4.320380554407, sym =  1, origin #  4
#  1: E =  -0.398722900617, E_1b =  -4.320380554407, sym =  1, origin #  6
#  2: E =  -0.398722900617, E_1b =  -4.320380554407, sym =  1, origin # 10
#  3: E =  -0.398722900617, E_1b =  -4.320380554407, sym =  1, origin # 15
#  4: E =  -0.398701227098, E_1b =  -4.320516556595, sym =  1, origin #  3
#  5: E =  -0.398701227098, E_1b =  -4.320516556595, sym =  1, origin #  8
#  6: E =  -0.398701227098, E_1b =  -4.320516556595, sym =  1, origin # 16
#  7: E =  -0.398701227098, E_1b =  -4.320516556595, sym =  1, origin # 17
#  8: E =  -0.398675637761, E_1b =  -4.319615546324, sym =  1, origin #  5
#  9: E =  -0.398675637761, E_1b =  -4.319615546324, sym =  1, origin #  7
# 10: E =  -0.398675637761, E_1b =  -4.319615546324, sym =  1, origin # 12
# 11: E =  -0.398675637761, E_1b =  -4.319615546324, sym =  1, origin # 14
# 12: E =  -0.397353278493, E_1b =  -4.731880856859, sym =  1, origin #  2
# 13: E =  -0.397353278493, E_1b =  -4.731880856859, sym =  1, origin #  9
# 14: E =  -0.397353278493, E_1b =  -4.731880856859, sym =  1, origin # 11
# 15: E =  -0.397353278493, E_1b =  -4.731880856859, sym =  1, origin # 13
# 16: E =  -0.397329479818, E_1b =  -4.732009597032, sym =  1, origin #  0
# 17: E =  -0.397329479818, E_1b =  -4.732009597032, sym =  1, origin #  1
# 18: E =   0.207282100481, E_1b =  -3.725332333425, sym =  1, origin # 22
# 19: E =   0.207282100481, E_1b =  -3.725332333425, sym =  1, origin # 25
# 20: E =   0.207295836128, E_1b =  -3.725071020628, sym =  1, origin # 19
# 21: E =   0.207295836128, E_1b =  -3.725071020628, sym =  1, origin # 23
# 22: E =   0.207295836128, E_1b =  -3.725071020628, sym =  1, origin # 24
# 23: E =   0.207295836128, E_1b =  -3.725071020628, sym =  1, origin # 26
# 24: E =   0.214676394815, E_1b =  -4.220015870260, sym =  1, origin # 18
# 25: E =   0.214676394815, E_1b =  -4.220015870260, sym =  1, origin # 20
# 26: E =   0.214676394815, E_1b =  -4.220015870260, sym =  1, origin # 29
# 27: E =   0.214676394815, E_1b =  -4.220015870260, sym =  1, origin # 30
# 28: E =   0.214754730987, E_1b =  -4.220391865456, sym =  1, origin # 21
# 29: E =   0.214754730987, E_1b =  -4.220391865456, sym =  1, origin # 28
# 30: E =   0.214754730987, E_1b =  -4.220391865456, sym =  1, origin # 31
# 31: E =   0.214754730987, E_1b =  -4.220391865456, sym =  1, origin # 34
# 32: E =   0.214774524431, E_1b =  -4.220451285206, sym =  1, origin # 27
# 33: E =   0.214774524431, E_1b =  -4.220451285206, sym =  1, origin # 32
# 34: E =   0.214774524431, E_1b =  -4.220451285206, sym =  1, origin # 33
# 35: E =   0.214774524431, E_1b =  -4.220451285206, sym =  1, origin # 35
HF det up: 0 1 2 3 4 5 6 7 8 9 10 11 12 13 14 15 16 17 
HF det dn: 0 1 2 3 4 5 6 7 8 9 10 11 12 13 14 15 16 17 
END OF reorder orbitals [0.4/11.7]GB [0.016/0.206/0.213]s
FCIDUMP cache saved to: integrals_cache.dat
END OF load integrals, setup[0.4/11.7]GB [0.022/0.227/0.234]s

BEG OF setup hci queue, setup[0.4/11.7]GB [0.000/0.000/0.234]s
Max hci queue elem: 0.0561726917 Ha
Number of entries in hci queue: 1,166,680
END OF setup hci queue, setup[0.9/12.2]GB [0.140/0.140/0.374]s

BEG OF setup singles_queue, setup[0.9/12.2]GB [0.001/0.000/0.374]s
Max singles_queue elem: 0.3280206945 Ha
Number of entries in singles_queue: 1,260
END OF setup singles_queue, setup[0.9/12.2]GB [0.006/0.006/0.380]s
HF energy: -1377.3634496721 Ha
END OF setup[0.9/12.2]GB [0.002/0.387/0.382]s

BEG OF variation[0.9/12.2]GB [0.000/0.000/0.382]s
Final iteration 0 HF ndets= 1 energy= -1377.36344967

BEG OF eps_var=2.00e-05, variation[0.9/12.2]GB [0.000/0.000/0.382]s
Try Loading Wavefunction wf_eps1_2.00e-05.dat

BEG OF extra=2.00e-03, eps_var=2.00e-05, variation[0.9/12.2]GB [0.164/0.000/0.546]s
20% 40% 60% 80% 100% 
Number of dets / new dets: 1,831 / 1,830
END OF get next det list [0.9/12.2]GB [0.016/0.016/0.562]s
END OF update unique ab [0.9/12.2]GB [0.001/0.016/0.563]s
END OF create abm1 [0.9/12.2]GB [0.002/0.018/0.564]s
Outer size of a/b singles: 385 / 385
Full size of absingles: 9,720
END OF create absingles [0.9/12.2]GB [0.003/0.021/0.567]s
10% 20% 30% 40% 50% 60% 70% 80% 90% 100% 
Number of nonzero elems: 155,455
END OF generate sparse hamiltonian [0.9/12.2]GB [0.003/0.023/0.569]s
Davidson #0:  -1377.3634496721  -1376.4202276252  -1376.4202276252  -1376.4202276252  -1376.4202276252  -1376.4202276252  -1376.4202276252  -1376.4202276252  -1376.4202276252  -1376.4202276252  -1376.4202276252  -1376.4202276252  -1376.4202276252
END OF diagonalize sparse hamiltonian [0.9/12.3]GB [0.003/0.025/0.572]s
Iteration 1 eps1= 2.00e-03 ndets= 1,831 energy= -1377.36344967 -1376.42022763 -1376.42022763 -1376.42022763 -1376.42022763 -1376.42022763 -1376.42022763 -1376.42022763 -1376.42022763 -1376.42022763 -1376.42022763 -1376.42022763 -1376.42022763
END OF extra=2.00e-03, eps_var=2.00e-05, variation[0.9/12.3]GB [0.000/0.025/0.572]s

BEG OF extra=1.00e-03, eps_var=2.00e-05, variation[0.9/12.3]GB [0.000/0.000/0.572]s
20% 40% 60% 80% 100% 
Number of dets / new dets: 65,973 / 64,142
END OF get next det list [1.4/12.7]GB [0.056/0.056/0.628]s
END OF update unique ab [1.4/12.8]GB [0.028/0.084/0.655]s
END OF create abm1 [2.0/13.3]GB [0.150/0.233/0.804]s
Outer size of a/b singles: 10,501 / 10,501
Full size of absingles: 422,208
END OF create absingles [2.2/13.5]GB [0.222/0.454/1.025]s
10% 20% 30% 40% 50% 60% 70% 80% 90% 100% 
Number of nonzero elems: 8,786,333
END OF generate sparse hamiltonian [2.2/13.5]GB [0.121/0.573/1.144]s
Davidson #0:  -1377.3634496721  -1376.4202276252  -1376.4202276252  -1376.4226426354  -1377.3606640888  -1375.7528291021  -1377.3547972224  -1376.4286723922  -1375.7526662048  -1375.7526663920  -1376.4286724741  -1377.3547969558  -1376.9535542754
Davidson #1:  -1378.0639579225  -1377.3633131160  -1377.3595593854  -1377.3547970891  -1377.2856235249  -1376.9428415440  -1376.9320503643  -1376.6686377524  -1376.4508711020  -1376.4297571907  -1376.4286724332  -1376.4263539304  -1376.4218619686
Davidson #2:  -1378.1227399246  -1377.3725703400  -1377.3610310095  -1377.3547970891  -1377.3452312167  -1376.9803755249  -1376.9667630032  -1376.9132263309  -1376.8260548267  -1376.7847163290  -1376.7602990402  -1376.6894565819  -1376.6096931380
Davidson #3:  -1378.1251122965  -1377.3833704920  -1377.3613341113  -1377.3547970891  -1377.3516083720  -1377.0146573375  -1377.0052414520  -1377.0039223793  -1376.9816098926  -1376.9612176738  -1376.9388867340  -1376.9260791950  -1376.8430869854
Davidson #4:  -1378.1251833571  -1377.3847410563  -1377.3613635228  -1377.3547970891  -1377.3520775531  -1377.1072268207  -1377.0759802543  -1377.0633028729  -1377.0354758856  -1377.0199269914  -1377.0018113236  -1376.9926051240  -1376.9776892745
Davidson #5:  -6285.0788935505  -5123.7657133059  -2763.6218336521  -2752.3830173572  -2741.2595535945  -2734.1651256598  -2335.0959415573  -2084.5529925829  -1627.5192879620  -1542.8569267457  -1376.8214017331  -1376.6719342784  -1376.1281158880
Davidson #6:  -6289.8470178065  -5128.9271219022  -2776.6262181523  -2754.1757431577  -2754.1172000124  -2754.0718917564  -2754.0282718306  -2753.9993919125  -2753.9526723650  -2334.6694509166  -1376.9994389305  -1376.7102462380  -1376.6141568349
Davidson #7:  -6289.8474354605  -5128.9280357490  -2776.6278332074  -2754.2149282639  -2754.1518183576  -2754.1283399220  -2754.0608979797  -2754.0100380081  -2753.9904836102  -2334.6694940406  -1377.0084371124  -1376.9067401080  -1376.8103978713
Davidson #8:  -6289.8516305259  -5128.9285937334  -2776.6280369370  -2754.2150151528  -2754.1520856611  -2754.1286238977  -2754.0610966209  -2754.0102267350  -2753.9904915566  -2334.6695002658  -1377.0372460854  -1376.9778649522  -1376.9569230482
END OF diagonalize sparse hamiltonian [2.2/13.6]GB [1.770/2.341/2.913]s
Iteration 2 eps1= 1.00e-03 ndets= 65,973 energy= -6289.85163053 -5128.92859373 -2776.62803694 -2754.21501515 -2754.15208566 -2754.12862390 -2754.06109662 -2754.01022674 -2753.99049156 -2334.66950027 -1377.03724609 -1376.97786495 -1376.95692305
END OF extra=1.00e-03, eps_var=2.00e-05, variation[2.2/13.6]GB [0.001/2.342/2.913]s

BEG OF extra=5.00e-04, eps_var=2.00e-05, variation[2.2/13.6]GB [0.000/0.000/2.914]s
20% 40% 60% 80% 100% 
Number of dets / new dets: 627,128 / 561,155
END OF get next det list [6.1/17.4]GB [0.568/0.568/3.482]s
END OF update unique ab [6.1/17.4]GB [0.325/0.892/3.806]s
END OF create abm1 [7.5/18.9]GB [0.732/1.622/4.536]s
[tc-hm005:123113] 23 more processes have sent help message help-mpi-btl-openib.txt / error in device init
[tc-hm005:123113] Set MCA parameter "orte_base_help_aggregate" to 0 to see all help / error messages
Outer size of a/b singles: 31,766 / 31,766
Full size of absingles: 1,675,240
END OF create absingles [8.4/19.7]GB [1.027/2.645/5.559]s
10% 20% 30% 40% 50% 60% 70% 80% 90% 100% 
Number of nonzero elems: 223,046,658
END OF generate sparse hamiltonian [9.9/21.2]GB [6.295/8.934/11.847]s
Davidson #0:  -1377.1778152530  -1377.1202222519  -1376.9989835312  -1377.1075428208  -1377.0782695864  -1377.0645383834  -1377.0310319897  -1377.0055397083  -1376.9965651064  -1376.9954820381  -1376.8432172649  -1376.9213631558  -1376.9441196958
Davidson #1:  -1377.3267217267  -1377.2649049086  -1377.2485282761  -1377.2127246524  -1377.1885308282  -1377.1723765144  -1377.0516436172  -1377.0274729192  -1377.0212199137  -1377.0033101969  -1376.9790206790  -1376.9672355586  -1376.9436716623
Davidson #2:  -1377.3831704914  -1377.3383332602  -1377.3052436162  -1377.2872727697  -1377.2623366816  -1377.2272858406  -1377.1916616367  -1377.1834919867  -1377.1676238858  -1377.0955825710  -1377.0602460029  -1377.0188847740  -1376.9960194995
Davidson #3:  -1377.4209275185  -1377.3716405223  -1377.3418502500  -1377.3278744673  -1377.3083448888  -1377.2979892993  -1377.2935666894  -1377.2584368415  -1377.2431268830  -1377.2239829622  -1377.2137318970  -1377.1154470718  -1377.0402335191
Davidson #4:  -1377.4320202666  -1377.4074862881  -1377.3664543560  -1377.3589140028  -1377.3348779172  -1377.3286000300  -1377.3128819970  -1377.3072818200  -1377.2988363861  -1377.2548333674  -1377.2362878503  -1377.1997616683  -1377.1747264638
Davidson #5:  -1377.6717720020  -1377.4295384651  -1377.4221091399  -1377.3819147533  -1377.3640508816  -1377.3485176951  -1377.3357679447  -1377.3255882293  -1377.3135286478  -1377.2620602137  -1377.2505199612  -1377.2259942792  -1377.0186142518
Davidson #6:  -1377.6794117106  -1377.4314917235  -1377.4286351239  -1377.4116793206  -1377.3682970651  -1377.3583245996  -1377.3527872543  -1377.3376234528  -1377.3202108457  -1377.3088837452  -1377.2931324024  -1377.2735299046  -1377.1703880461
Davidson #7:  -1377.6810427199  -1377.4329197365  -1377.4301060842  -1377.4255321004  -1377.3747355300  -1377.3703021694  -1377.3637918808  -1377.3604961019  -1377.3391657066  -1377.3250061392  -1377.3116954458  -1377.3043638997  -1377.2808134208
Davidson #8:  -1377.6813164455  -1377.4348130318  -1377.4305842321  -1377.4293850238  -1377.4104485974  -1377.3816202624  -1377.3755099798  -1377.3689267431  -1377.3638461128  -1377.3608326611  -1377.3348644536  -1377.3172948142  -1377.3125056183
END OF diagonalize sparse hamiltonian [12.9/24.2]GB [33.418/42.350/45.264]s
Iteration 3 eps1= 5.00e-04 ndets= 627,128 energy= -1377.68131645 -1377.43481303 -1377.43058423 -1377.42938502 -1377.41044860 -1377.38162026 -1377.37550998 -1377.36892674 -1377.36384611 -1377.36083266 -1377.33486445 -1377.31729481 -1377.31250562
END OF extra=5.00e-04, eps_var=2.00e-05, variation[12.9/24.2]GB [0.001/42.351/45.264]s

BEG OF extra=2.00e-04, eps_var=2.00e-05, variation[12.9/24.2]GB [0.000/0.000/45.264]s
20% 40% 60% 80% 100% 
Number of dets / new dets: 1,225,746 / 598,618
END OF get next det list [14.0/25.3]GB [0.980/0.980/46.244]s
END OF update unique ab [14.0/25.3]GB [0.581/1.561/46.825]s
END OF create abm1 [16.2/27.6]GB [1.336/2.892/48.156]s
Outer size of a/b singles: 64,125 / 64,125
Full size of absingles: 3,722,128
END OF create absingles [17.7/29.0]GB [2.148/5.035/50.299]s
10% 20% 30% 40% 50% 60% 70% 80% 90% 100% 
Number of nonzero elems: 606,871,230
END OF generate sparse hamiltonian [20.1/31.4]GB [15.171/20.198/65.463]s
Davidson #0:  -1377.6813164456  -1377.4348130319  -1377.4305842321  -1377.4293850237  -1377.4104485974  -1377.3816202624  -1377.3755099797  -1377.3689267432  -1377.3638461128  -1377.3608326611  -1377.3348644536  -1377.3172948142  -1377.3125056184
Davidson #1:  -1377.6834135190  -1377.4600402729  -1377.4550332988  -1377.4531226274  -1377.4487433784  -1377.4248481455  -1377.4240628455  -1377.3985839070  -1377.3963444165  -1377.3820904744  -1377.3545742173  -1377.3479913989  -1377.3404660760
Davidson #2:  -1377.6835444729  -1377.4648983866  -1377.4619594809  -1377.4570211060  -1377.4562315884  -1377.4439035930  -1377.4424368863  -1377.4044384726  -1377.4037860307  -1377.3961782687  -1377.3575758867  -1377.3563024979  -1377.3460508991
Davidson #3:  -1377.6835599654  -1377.4672852087  -1377.4653673075  -1377.4612071970  -1377.4577072916  -1377.4533432262  -1377.4513629639  -1377.4082704024  -1377.4060225380  -1377.4013786631  -1377.3642633594  -1377.3579706418  -1377.3505775178
Davidson #4:  -1377.6835627486  -1377.4688572208  -1377.4668758410  -1377.4640575479  -1377.4583282055  -1377.4568651466  -1377.4535217189  -1377.4106214768  -1377.4069911230  -1377.4038715147  -1377.3735630997  -1377.3590356440  -1377.3555948117
Davidson #5:  -1377.6835632363  -1377.4694785456  -1377.4672808120  -1377.4649748663  -1377.4586067312  -1377.4575739781  -1377.4540217637  -1377.4114870614  -1377.4072829973  -1377.4047441010  -1377.3786770341  -1377.3601065911  -1377.3575865134
Davidson #6:  -1377.6835632607  -1377.4699868924  -1377.4675628943  -1377.4656551054  -1377.4589082076  -1377.4579007884  -1377.4543565762  -1377.4122519966  -1377.4074923596  -1377.4054915913  -1377.3836858519  -1377.3613833023  -1377.3587913454
Davidson #7:  -1377.6835632716  -1377.4703077142  -1377.4677335190  -1377.4660270357  -1377.4590935525  -1377.4580159702  -1377.4545419870  -1377.4129172787  -1377.4076453914  -1377.4062201435  -1377.3885762904  -1377.3656179319  -1377.3601598680
Davidson #8:  -1377.6835632799  -1377.4705273861  -1377.4678336849  -1377.4662239221  -1377.4591932629  -1377.4580719610  -1377.4546443527  -1377.4135693190  -1377.4077619978  -1377.4067488924  -1377.3947805431  -1377.3823352693  -1377.3769887412
END OF diagonalize sparse hamiltonian [25.8/37.2]GB [82.422/102.619/147.884]s
Iteration 4 eps1= 2.00e-04 ndets= 1,225,746 energy= -1377.68356328 -1377.47052739 -1377.46783368 -1377.46622392 -1377.45919326 -1377.45807196 -1377.45464435 -1377.41356932 -1377.40776200 -1377.40674889 -1377.39478054 -1377.38233527 -1377.37698874
END OF extra=2.00e-04, eps_var=2.00e-05, variation[25.8/37.2]GB [0.001/102.620/147.884]s

BEG OF extra=1.00e-04, eps_var=2.00e-05, variation[25.8/37.2]GB [0.000/0.000/147.884]s
20% 40% 60% 80% 100% 
Number of dets / new dets: 2,796,063 / 1,570,317
END OF get next det list [32.6/43.9]GB [2.615/2.615/150.499]s
END OF update unique ab [32.6/43.9]GB [1.699/4.314/152.198]s
END OF create abm1 [36.1/47.4]GB [3.036/7.346/155.230]s
Outer size of a/b singles: 124,697 / 124,695
Full size of absingles: 9,002,736
END OF create absingles [39.2/50.5]GB [5.058/12.399/160.283]s
10% 20% 30% 40% 50% 60% 70% 80% 90% 100% 
Number of nonzero elems: 1,722,456,045
END OF generate sparse hamiltonian [49.2/60.5]GB [46.542/58.932/206.816]s
Davidson #0:  -1377.6835632798  -1377.4705273859  -1377.4678336848  -1377.4662239221  -1377.4591932628  -1377.4580719612  -1377.4546443528  -1377.4135693190  -1377.4077619978  -1377.4067488924  -1377.3947805431  -1377.3823352693  -1377.3769887412
Davidson #1:  -1377.6870539916  -1377.4870592503  -1377.4840385840  -1377.4826592788  -1377.4761743692  -1377.4746642432  -1377.4708595961  -1377.4302854648  -1377.4243554182  -1377.4232304682  -1377.4166856403  -1377.4079559702  -1377.4017492683
Davidson #2:  -1377.6872447277  -1377.4883826490  -1377.4854091808  -1377.4838923773  -1377.4774610862  -1377.4758382070  -1377.4720658407  -1377.4317828188  -1377.4258543564  -1377.4245887190  -1377.4220289209  -1377.4122712485  -1377.4065267233
Davidson #3:  -1377.6872611968  -1377.4885777007  -1377.4856074908  -1377.4840765267  -1377.4776343457  -1377.4760174311  -1377.4722457550  -1377.4321355799  -1377.4268441799  -1377.4253495201  -1377.4247161390  -1377.4137742412  -1377.4085221092
Davidson #4:  -1377.6872640968  -1377.4886324104  -1377.4856622007  -1377.4841274968  -1377.4776807017  -1377.4760750503  -1377.4722999896  -1377.4323212823  -1377.4295478821  -1377.4259168202  -1377.4249193703  -1377.4147202585  -1377.4110584866
Davidson #5:  -1377.6872645827  -1377.4886456330  -1377.4856754179  -1377.4841402996  -1377.4776915847  -1377.4760915853  -1377.4723145919  -1377.4324173200  -1377.4306603002  -1377.4259988237  -1377.4249818582  -1377.4150944145  -1377.4120384595
Davidson #6:  -1377.6872645945  -1377.4886551218  -1377.4856848065  -1377.4841499808  -1377.4776989628  -1377.4761059927  -1377.4723266246  -1377.4325473481  -1377.4313917689  -1377.4260591853  -1377.4250522286  -1377.4154373181  -1377.4127162166
Davidson #7:  -1377.6872645989  -1377.4886604104  -1377.4856902230  -1377.4841553258  -1377.4777031159  -1377.4761151480  -1377.4723344466  -1377.4327371134  -1377.4318344652  -1377.4261155752  -1377.4251293814  -1377.4157925437  -1377.4136077910
Davidson #8:  -1377.6872646014  -1377.4886624191  -1377.4856923026  -1377.4841571298  -1377.4777046431  -1377.4761184795  -1377.4723375222  -1377.4329936841  -1377.4320912895  -1377.4261526151  -1377.4251817212  -1377.4161454108  -1377.4147038332
END OF diagonalize sparse hamiltonian [62.3/73.6]GB [234.989/293.920/441.804]s
Iteration 5 eps1= 1.00e-04 ndets= 2,796,063 energy= -1377.68726460 -1377.48866242 -1377.48569230 -1377.48415713 -1377.47770464 -1377.47611848 -1377.47233752 -1377.43299368 -1377.43209129 -1377.42615262 -1377.42518172 -1377.41614541 -1377.41470383
END OF extra=1.00e-04, eps_var=2.00e-05, variation[62.3/73.6]GB [0.001/293.920/441.804]s

BEG OF main, eps_var=2.00e-05, variation[62.3/73.6]GB [0.000/0.000/441.804]s

BEG OF #1, main, eps_var=2.00e-05, variation[62.3/73.6]GB [0.005/0.001/441.809]s
20% 40% 60% 80% 100% 
Number of dets / new dets: 27,298,645 / 24,502,582
END OF get next det list [213.3/224.6]GB [30.578/30.578/472.387]s
END OF update unique ab [233.7/245.0]GB [26.815/57.393/499.201]s
END OF create abm1 [254.1/265.5]GB [28.523/85.911/527.719]s
Outer size of a/b singles: 530,696 / 530,578
Full size of absingles: 51,399,434
END OF create absingles [274.3/285.6]GB [41.274/127.177/568.986]s
10% 20% 30% 40% 50% 60% 70% 80% 90% 100% 
Number of nonzero elems: 24,162,882,045
END OF generate sparse hamiltonian [525.4/536.7]GB [1726.758/1851.757/2293.565]s
--------------------------------------------------------------------------
Primary job  terminated normally, but 1 process returned
a non-zero exit code. Per user-direction, the job has been aborted.
--------------------------------------------------------------------------
--------------------------------------------------------------------------
mpirun noticed that process rank 19 with PID 0 on node tc-hm005 exited on signal 9 (Killed).
--------------------------------------------------------------------------
slurmstepd: error: Detected 5 oom-kill event(s) in step 1008322.batch cgroup. Some of your processes may have been killed by the cgroup out-of-memory handler.
