tc238
Resetting modules to system default. Reseting $MODULEPATH back to system default. All extra directories will be removed from $MODULEPATH.
Usage: sbatch submit.sh {input file} {data file} {data file}
cat_tpsci.jl
cat_tpsci.jl.out
/home/nbraunsc/FermiCG-data/he_clusters/07_oct
/localscratch/546585
sending incremental file list
cat_tpsci.jl.out

sent 122 bytes  received 35 bytes  314.00 bytes/sec
total size is 0  speedup is 0.00
sending incremental file list
cat_tpsci.jl.out

sent 166 bytes  received 35 bytes  402.00 bytes/sec
total size is 40  speedup is 0.20
sending incremental file list

sent 79 bytes  received 12 bytes  182.00 bytes/sec
total size is 40  speedup is 0.44
sending incremental file list
cat_tpsci.jl.out

sent 364,312 bytes  received 35 bytes  48,579.60 bytes/sec
total size is 364,102  speedup is 1.00
sending incremental file list
cat_tpsci.jl.out

sent 369,588 bytes  received 35 bytes  739,246.00 bytes/sec
total size is 369,378  speedup is 1.00
sending incremental file list
cat_tpsci.jl.out

sent 373,007 bytes  received 35 bytes  746,084.00 bytes/sec
total size is 372,797  speedup is 1.00
sending incremental file list
cat_tpsci.jl.out

sent 373,426 bytes  received 35 bytes  746,922.00 bytes/sec
total size is 373,216  speedup is 1.00
sending incremental file list
cat_tpsci.jl.out

sent 373,464 bytes  received 35 bytes  746,998.00 bytes/sec
total size is 373,254  speedup is 1.00
rm: cannot remove ‘tmpfs’: Device or resource busy
