 Remove duplicates
 Number of terms reduced from  1036 to   472
 ci_vector     : (31, 31)
 thresh_cipsi  : 0.0001
 thresh_foi    : 1.0e-5
 thresh_asci   : 0.01
 thresh_var    : nothing
 max_iter      : 10
 conv_thresh   : 0.0001
 nbody         : 4
 incremental   : true
 ci_conv       : 1.0e-5
 ci_max_iter   : 50
 ci_max_ss_vecs: 12
 davidson      : false
 max_mem_ci    : 20.0
 threaded      : true


 ===================================================================
     Selected CI Iteration:    1 epsilon:   0.00010000
 ===================================================================
 Memory needed to hold full CI matrix:   0.00000769 (Gb)

 |== Tensor Product State CI =======================================
 Hamiltonian matrix dimension =    31: 
 Build full Hamiltonian matrix with dimension:       0.355325 seconds (1.12 M allocations: 58.140 MiB, 99.56% compilation time)
 Now diagonalize
 Diagonalization time:                               0.000854 seconds
 Compute S2 expectation values:                      0.407805 seconds (622.85 k allocations: 33.753 MiB, 8.00% gc time, 99.73% compilation time)
  Root       Energy           S2
     1 -34.84464282   0.00000000
     2 -34.76493034   2.00000000
     3 -34.76487051   2.00000000
     4 -34.76428478   2.00000000
     5 -34.76397372   2.00000000
     6 -34.69637883   2.00000000
     7 -34.69621271   2.00000000
     8 -34.69577919   2.00000000
     9 -34.69551296   2.00000000
    10 -34.69492338   0.00000000
    11 -34.69399447   0.00000000
    12 -34.69129383   0.00000000
    13 -34.69051508   0.00000000
    14 -34.68520445   6.00000000
    15 -34.68510075   2.00000000
    16 -34.68504913   0.00000000
    17 -34.68473891   6.00000000
    18 -34.68465440   6.00000000
    19 -34.68441911   6.00000000
    20 -34.68434607   2.00000000
    21 -34.68433823   2.00000000
    22 -34.68420253   0.00000000
    23 -34.68420178   6.00000000
    24 -34.68420138   2.00000000
    25 -34.68418557   0.00000000
    26 -34.68414350   0.00000000
    27 -34.68406982   2.00000000
    28 -34.68389605   0.00000000
    29 -34.68364512   6.00000000
    30 -34.68358625   2.00000000
    31 -34.68355675   0.00000000
 ==================================================================|
 Length of ASCI vector       31 →       31 
 Overlap between old and new eigenvectors:
  0.000  0.000  0.000  0.000  0.000  0.000  0.000  0.000  0.000  0.000  0.000  0.000  0.000  0.000  0.000  0.000  0.000  0.000  0.000  0.000  0.000  0.000  0.000  0.000  0.000  0.000  0.000  0.000  0.000  0.000  0.000
  0.000  0.000  0.000  0.000  0.000  0.000  0.000  0.000  0.000  0.000  0.000  0.000  0.000  0.000  0.000  0.000  0.000  0.000  0.000  0.000  0.000  0.000  0.000  0.000  0.000  0.000  0.000  0.000  0.000  0.000  0.000
  0.000  0.000  0.000  0.000  0.000  0.000  0.000  0.000  0.000  0.000  0.000  0.000  0.000  0.000  0.000  0.000  0.000  0.000  0.000  0.000  0.000  0.000  0.000  0.000  0.000  0.000  0.000  0.000  0.000  0.000  0.000
  0.000  0.000  0.000  0.000  0.000  0.000  0.000  0.000  0.000  0.000  0.000  0.000  0.000  0.000  0.000  0.000  0.000  0.000  0.000  0.000  0.000  0.000  0.000  0.000  0.000  0.000  0.000  0.000  0.000  0.000  0.000
  0.000  0.000  0.000  0.000  0.000  0.000  0.000  0.000  0.000  0.000  0.000  0.000  0.000  0.000  0.000  0.000  0.000  0.000  0.000  0.000  0.000  0.000  0.000  0.000  0.000  0.000  0.000  0.000  0.000  0.000  0.000
  0.000  0.000  0.000  0.000  0.000  0.000  0.000  0.000  0.000  0.000  0.000  0.000  0.000  0.000  0.000  0.000  0.000  0.000  0.000  0.000  0.000  0.000  0.000  0.000  0.000  0.000  0.000  0.000  0.000  0.000  0.000
  0.000  0.000  0.000  0.000  0.000  0.000  0.000  0.000  0.000  0.000  0.000  0.000  0.000  0.000  0.000  0.000  0.000  0.000  0.000  0.000  0.000  0.000  0.000  0.000  0.000  0.000  0.000  0.000  0.000  0.000  0.000
  0.000  0.000  0.000  0.000  0.000  0.000  0.000  0.000  0.000  0.000  0.000  0.000  0.000  0.000  0.000  0.000  0.000  0.000  0.000  0.000  0.000  0.000  0.000  0.000  0.000  0.000  0.000  0.000  0.000  0.000  0.000
  0.000  0.000  0.000  0.000  0.000  0.000  0.000  0.000  0.000  0.000  0.000  0.000  0.000  0.000  0.000  0.000  0.000  0.000  0.000  0.000  0.000  0.000  0.000  0.000  0.000  0.000  0.000  0.000  0.000  0.000  0.000
  0.000  0.000  0.000  0.000  0.000  0.000  0.000  0.000  0.000  0.000  0.000  0.000  0.000  0.000  0.000  0.000  0.000  0.000  0.000  0.000  0.000  0.000  0.000  0.000  0.000  0.000  0.000  0.000  0.000  0.000  0.000
  0.000  0.000  0.000  0.000  0.000  0.000  0.000  0.000  0.000  0.000  0.000  0.000  0.000  0.000  0.000  0.000  0.000  0.000  0.000  0.000  0.000  0.000  0.000  0.000  0.000  0.000  0.000  0.000  0.000  0.000  0.000
  0.000  0.000  0.000  0.000  0.000  0.000  0.000  0.000  0.000  0.000  0.000  0.000  0.000  0.000  0.000  0.000  0.000  0.000  0.000  0.000  0.000  0.000  0.000  0.000  0.000  0.000  0.000  0.000  0.000  0.000  0.000
  0.000  0.000  0.000  0.000  0.000  0.000  0.000  0.000  0.000  0.000  0.000  0.000  0.000  0.000  0.000  0.000  0.000  0.000  0.000  0.000  0.000  0.000  0.000  0.000  0.000  0.000  0.000  0.000  0.000  0.000  0.000
  0.000  0.000  0.000  0.000  0.000  0.000  0.000  0.000  0.000  0.000  0.000  0.000  0.000  0.000  0.000  0.000  0.000  0.000  0.000  0.000  0.000  0.000  0.000  0.000  0.000  0.000  0.000  0.000  0.000  0.000  0.000
  0.000  0.000  0.000  0.000  0.000  0.000  0.000  0.000  0.000  0.000  0.000  0.000  0.000  0.000  0.000  0.000  0.000  0.000  0.000  0.000  0.000  0.000  0.000  0.000  0.000  0.000  0.000  0.000  0.000  0.000  0.000
  0.000  0.000  0.000  0.000  0.000  0.000  0.000  0.000  0.000  0.000  0.000  0.000  0.000  0.000  0.000  0.000  0.000  0.000  0.000  0.000  0.000  0.000  0.000  0.000  0.000  0.000  0.000  0.000  0.000  0.000  0.000
  0.000  0.000  0.000  0.000  0.000  0.000  0.000  0.000  0.000  0.000  0.000  0.000  0.000  0.000  0.000  0.000  0.000  0.000  0.000  0.000  0.000  0.000  0.000  0.000  0.000  0.000  0.000  0.000  0.000  0.000  0.000
  0.000  0.000  0.000  0.000  0.000  0.000  0.000  0.000  0.000  0.000  0.000  0.000  0.000  0.000  0.000  0.000  0.000  0.000  0.000  0.000  0.000  0.000  0.000  0.000  0.000  0.000  0.000  0.000  0.000  0.000  0.000
  0.000  0.000  0.000  0.000  0.000  0.000  0.000  0.000  0.000  0.000  0.000  0.000  0.000  0.000  0.000  0.000  0.000  0.000  0.000  0.000  0.000  0.000  0.000  0.000  0.000  0.000  0.000  0.000  0.000  0.000  0.000
  0.000  0.000  0.000  0.000  0.000  0.000  0.000  0.000  0.000  0.000  0.000  0.000  0.000  0.000  0.000  0.000  0.000  0.000  0.000  0.000  0.000  0.000  0.000  0.000  0.000  0.000  0.000  0.000  0.000  0.000  0.000
  0.000  0.000  0.000  0.000  0.000  0.000  0.000  0.000  0.000  0.000  0.000  0.000  0.000  0.000  0.000  0.000  0.000  0.000  0.000  0.000  0.000  0.000  0.000  0.000  0.000  0.000  0.000  0.000  0.000  0.000  0.000
  0.000  0.000  0.000  0.000  0.000  0.000  0.000  0.000  0.000  0.000  0.000  0.000  0.000  0.000  0.000  0.000  0.000  0.000  0.000  0.000  0.000  0.000  0.000  0.000  0.000  0.000  0.000  0.000  0.000  0.000  0.000
  0.000  0.000  0.000  0.000  0.000  0.000  0.000  0.000  0.000  0.000  0.000  0.000  0.000  0.000  0.000  0.000  0.000  0.000  0.000  0.000  0.000  0.000  0.000  0.000  0.000  0.000  0.000  0.000  0.000  0.000  0.000
  0.000  0.000  0.000  0.000  0.000  0.000  0.000  0.000  0.000  0.000  0.000  0.000  0.000  0.000  0.000  0.000  0.000  0.000  0.000  0.000  0.000  0.000  0.000  0.000  0.000  0.000  0.000  0.000  0.000  0.000  0.000
  0.000  0.000  0.000  0.000  0.000  0.000  0.000  0.000  0.000  0.000  0.000  0.000  0.000  0.000  0.000  0.000  0.000  0.000  0.000  0.000  0.000  0.000  0.000  0.000  0.000  0.000  0.000  0.000  0.000  0.000  0.000
  0.000  0.000  0.000  0.000  0.000  0.000  0.000  0.000  0.000  0.000  0.000  0.000  0.000  0.000  0.000  0.000  0.000  0.000  0.000  0.000  0.000  0.000  0.000  0.000  0.000  0.000  0.000  0.000  0.000  0.000  0.000
  0.000  0.000  0.000  0.000  0.000  0.000  0.000  0.000  0.000  0.000  0.000  0.000  0.000  0.000  0.000  0.000  0.000  0.000  0.000  0.000  0.000  0.000  0.000  0.000  0.000  0.000  0.000  0.000  0.000  0.000  0.000
  0.000  0.000  0.000  0.000  0.000  0.000  0.000  0.000  0.000  0.000  0.000  0.000  0.000  0.000  0.000  0.000  0.000  0.000  0.000  0.000  0.000  0.000  0.000  0.000  0.000  0.000  0.000  0.000  0.000  0.000  0.000
  0.000  0.000  0.000  0.000  0.000  0.000  0.000  0.000  0.000  0.000  0.000  0.000  0.000  0.000  0.000  0.000  0.000  0.000  0.000  0.000  0.000  0.000  0.000  0.000  0.000  0.000  0.000  0.000  0.000  0.000  0.000
  0.000  0.000  0.000  0.000  0.000  0.000  0.000  0.000  0.000  0.000  0.000  0.000  0.000  0.000  0.000  0.000  0.000  0.000  0.000  0.000  0.000  0.000  0.000  0.000  0.000  0.000  0.000  0.000  0.000  0.000  0.000
  0.000  0.000  0.000  0.000  0.000  0.000  0.000  0.000  0.000  0.000  0.000  0.000  0.000  0.000  0.000  0.000  0.000  0.000  0.000  0.000  0.000  0.000  0.000  0.000  0.000  0.000  0.000  0.000  0.000  0.000  0.000

 Norm of new projection:
   1.00000000
   1.00000000
   1.00000000
   1.00000000
   1.00000000
   1.00000000
   1.00000000
   1.00000000
   1.00000000
   1.00000000
   1.00000000
   1.00000000
   1.00000000
   1.00000000
   1.00000000
   1.00000000
   1.00000000
   1.00000000
   1.00000000
   1.00000000
   1.00000000
   1.00000000
   1.00000000
   1.00000000
   1.00000000
   1.00000000
   1.00000000
   1.00000000
   1.00000000
   1.00000000
   1.00000000

 In open_matvec_thread
 Setup threaded jobs:                                0.000654 seconds (7.68 k allocations: 630.375 KiB)
 Number of jobs:    1759
 Number of threads: 6
 Compute matrix-vector:                              8.953505 seconds (20.36 M allocations: 1.086 GiB, 7.67% gc time, 81.65% compilation time)
 Now collect thread results :                        0.017287 seconds (4.31 k allocations: 239.000 KiB, 97.76% compilation time)
 Length of FOIS vector: 732606
 Compute diagonal:                                 
  Root         E(0)         E(2)
     1 -34.84464282 -34.84735404
     2 -34.76493034 -34.76860801
     3 -34.76487051 -34.76804265
     4 -34.76428478 -34.76783603
     5 -34.76397372 -34.76710924
     6 -34.69637883 -34.69951296
     7 -34.69621271 -34.69912598
     8 -34.69577919 -34.69885677
     9 -34.69551296 -34.69839824
    10 -34.69492338 -34.69903454
    11 -34.69399447 -34.69889721
    12 -34.69129383 -34.69618635
    13 -34.69051508 -34.69490269
    14 -34.68520445 -34.68928047
    15 -34.68510075 -34.68930730
    16 -34.68504913 -34.68931623
    17 -34.68473891 -34.68865060
    18 -34.68465440 -34.68827129
    19 -34.68441911 -34.68811229
    20 -34.68434607 -34.68879376
    21 -34.68433823 -34.68873429
    22 -34.68420253 -34.68786683
    23 -34.68420178 -34.68780036
    24 -34.68420138 -34.68780866
    25 -34.68418557 -34.68858379
    26 -34.68414350 -34.68917256
    27 -34.68406982 -34.68835278
    28 -34.68389605 -34.68847581
    29 -34.68364512 -34.68762077
    30 -34.68358625 -34.68759564
    31 -34.68355675 -34.68757307
 Length of PT1  vector   732606 →   118062 
 TPSCI Iter 1   Dim: 31     E(var):  -34.84464282  -34.76493034  -34.76487051  -34.76428478  -34.76397372  -34.69637883  -34.69621271  -34.69577919  -34.69551296  -34.69492338  -34.69399447  -34.69129383  -34.69051508  -34.68520445  -34.68510075  -34.68504913  -34.68473891  -34.68465440  -34.68441911  -34.68434607  -34.68433823  -34.68420253  -34.68420178  -34.68420138  -34.68418557  -34.68414350  -34.68406982  -34.68389605  -34.68364512  -34.68358625  -34.68355675 


 ===================================================================
     Selected CI Iteration:    2 epsilon:   0.00010000
 ===================================================================
 Add pt vector to current space     31 → 118093
 Memory needed to hold full CI matrix: 111.56765319 (Gb)

 |== Tensor Product State CI =======================================
